<?xml version="1.0" encoding="UTF-8"?>
<!-- Generated by org.testng.reporters.JUnitXMLReporter -->
<testsuite hostname="Vaibhav" ignored="0" name="Default test" tests="3" failures="0" timestamp="19 Jul 2020 12:43:53 GMT" time="16.425" errors="0">
  <testcase name="verifyHomePageTitleTest" time="0.026" classname="com.bank.qa.testcases.HomePageTest"/>
  <testcase name="verifyUserNameTest" time="0.054" classname="com.bank.qa.testcases.HomePageTest"/>
  <testcase name="verifyNewCustomerLinkTest" time="2.088" classname="com.bank.qa.testcases.HomePageTest"/>
</testsuite> <!-- Default test -->
